vm-38-1:    1       0 ram0 0 0 0 0 0 0 0 0 0 0 0
vm-38-1:    1       1 ram1 0 0 0 0 0 0 0 0 0 0 0
vm-38-1:    1       2 ram2 0 0 0 0 0 0 0 0 0 0 0
vm-38-1:    1       3 ram3 0 0 0 0 0 0 0 0 0 0 0
vm-38-1:    1       4 ram4 0 0 0 0 0 0 0 0 0 0 0
vm-38-1:    1       5 ram5 0 0 0 0 0 0 0 0 0 0 0
vm-38-1:    1       6 ram6 0 0 0 0 0 0 0 0 0 0 0
vm-38-1:    1       7 ram7 0 0 0 0 0 0 0 0 0 0 0
vm-38-1:    1       8 ram8 0 0 0 0 0 0 0 0 0 0 0
vm-38-1:    1       9 ram9 0 0 0 0 0 0 0 0 0 0 0
vm-38-1:    1      10 ram10 0 0 0 0 0 0 0 0 0 0 0
vm-38-1:    1      11 ram11 0 0 0 0 0 0 0 0 0 0 0
vm-38-1:    1      12 ram12 0 0 0 0 0 0 0 0 0 0 0
vm-38-1:    1      13 ram13 0 0 0 0 0 0 0 0 0 0 0
vm-38-1:    1      14 ram14 0 0 0 0 0 0 0 0 0 0 0
vm-38-1:    1      15 ram15 0 0 0 0 0 0 0 0 0 0 0
vm-38-1:    7       0 loop0 0 0 0 0 0 0 0 0 0 0 0
vm-38-1:    7       1 loop1 0 0 0 0 0 0 0 0 0 0 0
vm-38-1:    7       2 loop2 0 0 0 0 0 0 0 0 0 0 0
vm-38-1:    7       3 loop3 0 0 0 0 0 0 0 0 0 0 0
vm-38-1:    7       4 loop4 0 0 0 0 0 0 0 0 0 0 0
vm-38-1:    7       5 loop5 0 0 0 0 0 0 0 0 0 0 0
vm-38-1:    7       6 loop6 0 0 0 0 0 0 0 0 0 0 0
vm-38-1:    7       7 loop7 0 0 0 0 0 0 0 0 0 0 0
vm-38-1:  253       0 vda 4061618 366 423573466 31712692 6183441 4535499 939068768 216210812 0 21173508 247918968
vm-38-1:  253       1 vda1 4061438 366 423572026 31712672 6018735 4535499 939068760 215457416 0 20464716 247164804
vm-38-5:    1       0 ram0 0 0 0 0 0 0 0 0 0 0 0
vm-38-5:    1       1 ram1 0 0 0 0 0 0 0 0 0 0 0
vm-38-5:    1       2 ram2 0 0 0 0 0 0 0 0 0 0 0
vm-38-5:    1       3 ram3 0 0 0 0 0 0 0 0 0 0 0
vm-38-5:    1       4 ram4 0 0 0 0 0 0 0 0 0 0 0
vm-38-5:    1       5 ram5 0 0 0 0 0 0 0 0 0 0 0
vm-38-5:    1       6 ram6 0 0 0 0 0 0 0 0 0 0 0
vm-38-5:    1       7 ram7 0 0 0 0 0 0 0 0 0 0 0
vm-38-5:    1       8 ram8 0 0 0 0 0 0 0 0 0 0 0
vm-38-5:    1       9 ram9 0 0 0 0 0 0 0 0 0 0 0
vm-38-5:    1      10 ram10 0 0 0 0 0 0 0 0 0 0 0
vm-38-5:    1      11 ram11 0 0 0 0 0 0 0 0 0 0 0
vm-38-5:    1      12 ram12 0 0 0 0 0 0 0 0 0 0 0
vm-38-5:    1      13 ram13 0 0 0 0 0 0 0 0 0 0 0
vm-38-5:    1      14 ram14 0 0 0 0 0 0 0 0 0 0 0
vm-38-5:    1      15 ram15 0 0 0 0 0 0 0 0 0 0 0
vm-38-5:    7       0 loop0 0 0 0 0 0 0 0 0 0 0 0
vm-38-5:    7       1 loop1 0 0 0 0 0 0 0 0 0 0 0
vm-38-5:    7       2 loop2 0 0 0 0 0 0 0 0 0 0 0
vm-38-5:    7       3 loop3 0 0 0 0 0 0 0 0 0 0 0
vm-38-5:    7       4 loop4 0 0 0 0 0 0 0 0 0 0 0
vm-38-5:    7       5 loop5 0 0 0 0 0 0 0 0 0 0 0
vm-38-5:    7       6 loop6 0 0 0 0 0 0 0 0 0 0 0
vm-38-5:    7       7 loop7 0 0 0 0 0 0 0 0 0 0 0
vm-38-5:  253       0 vda 118614 3 17837370 268288 1555693 646903 91394952 22909932 0 5812656 23177960
vm-38-5:  253       1 vda1 118434 3 17835930 268272 1538661 646903 91394944 22835556 0 5765972 23105112
vm-38-2:    1       0 ram0 0 0 0 0 0 0 0 0 0 0 0
vm-38-2:    1       1 ram1 0 0 0 0 0 0 0 0 0 0 0
vm-38-2:    1       2 ram2 0 0 0 0 0 0 0 0 0 0 0
vm-38-2:    1       3 ram3 0 0 0 0 0 0 0 0 0 0 0
vm-38-2:    1       4 ram4 0 0 0 0 0 0 0 0 0 0 0
vm-38-2:    1       5 ram5 0 0 0 0 0 0 0 0 0 0 0
vm-38-2:    1       6 ram6 0 0 0 0 0 0 0 0 0 0 0
vm-38-2:    1       7 ram7 0 0 0 0 0 0 0 0 0 0 0
vm-38-2:    1       8 ram8 0 0 0 0 0 0 0 0 0 0 0
vm-38-2:    1       9 ram9 0 0 0 0 0 0 0 0 0 0 0
vm-38-2:    1      10 ram10 0 0 0 0 0 0 0 0 0 0 0
vm-38-2:    1      11 ram11 0 0 0 0 0 0 0 0 0 0 0
vm-38-2:    1      12 ram12 0 0 0 0 0 0 0 0 0 0 0
vm-38-2:    1      13 ram13 0 0 0 0 0 0 0 0 0 0 0
vm-38-2:    1      14 ram14 0 0 0 0 0 0 0 0 0 0 0
vm-38-2:    1      15 ram15 0 0 0 0 0 0 0 0 0 0 0
vm-38-2:    7       0 loop0 0 0 0 0 0 0 0 0 0 0 0
vm-38-2:    7       1 loop1 0 0 0 0 0 0 0 0 0 0 0
vm-38-2:    7       2 loop2 0 0 0 0 0 0 0 0 0 0 0
vm-38-2:    7       3 loop3 0 0 0 0 0 0 0 0 0 0 0
vm-38-2:    7       4 loop4 0 0 0 0 0 0 0 0 0 0 0
vm-38-2:    7       5 loop5 0 0 0 0 0 0 0 0 0 0 0
vm-38-2:    7       6 loop6 0 0 0 0 0 0 0 0 0 0 0
vm-38-2:    7       7 loop7 0 0 0 0 0 0 0 0 0 0 0
vm-38-2:  253       0 vda 264289 5 49607154 571812 1534102 605823 108475688 27244884 0 6434388 27816000
vm-38-2:  253       1 vda1 264109 5 49605714 571764 1512734 605823 108475680 27160728 0 6383160 27731828
vm-38-3:    1       0 ram0 0 0 0 0 0 0 0 0 0 0 0
vm-38-3:    1       1 ram1 0 0 0 0 0 0 0 0 0 0 0
vm-38-3:    1       2 ram2 0 0 0 0 0 0 0 0 0 0 0
vm-38-3:    1       3 ram3 0 0 0 0 0 0 0 0 0 0 0
vm-38-3:    1       4 ram4 0 0 0 0 0 0 0 0 0 0 0
vm-38-3:    1       5 ram5 0 0 0 0 0 0 0 0 0 0 0
vm-38-3:    1       6 ram6 0 0 0 0 0 0 0 0 0 0 0
vm-38-3:    1       7 ram7 0 0 0 0 0 0 0 0 0 0 0
vm-38-3:    1       8 ram8 0 0 0 0 0 0 0 0 0 0 0
vm-38-3:    1       9 ram9 0 0 0 0 0 0 0 0 0 0 0
vm-38-3:    1      10 ram10 0 0 0 0 0 0 0 0 0 0 0
vm-38-3:    1      11 ram11 0 0 0 0 0 0 0 0 0 0 0
vm-38-3:    1      12 ram12 0 0 0 0 0 0 0 0 0 0 0
vm-38-3:    1      13 ram13 0 0 0 0 0 0 0 0 0 0 0
vm-38-3:    1      14 ram14 0 0 0 0 0 0 0 0 0 0 0
vm-38-3:    1      15 ram15 0 0 0 0 0 0 0 0 0 0 0
vm-38-3:    7       0 loop0 0 0 0 0 0 0 0 0 0 0 0
vm-38-3:    7       1 loop1 0 0 0 0 0 0 0 0 0 0 0
vm-38-3:    7       2 loop2 0 0 0 0 0 0 0 0 0 0 0
vm-38-3:    7       3 loop3 0 0 0 0 0 0 0 0 0 0 0
vm-38-3:    7       4 loop4 0 0 0 0 0 0 0 0 0 0 0
vm-38-3:    7       5 loop5 0 0 0 0 0 0 0 0 0 0 0
vm-38-3:    7       6 loop6 0 0 0 0 0 0 0 0 0 0 0
vm-38-3:    7       7 loop7 0 0 0 0 0 0 0 0 0 0 0
vm-38-3:  253       0 vda 103071 3 20902386 273412 1493359 644690 94822640 23473948 0 5549152 23747024
vm-38-3:  253       1 vda1 102891 3 20900946 273380 1476376 644690 94822632 23402620 0 5499056 23675676
vm-38-4:    1       0 ram0 0 0 0 0 0 0 0 0 0 0 0
vm-38-4:    1       1 ram1 0 0 0 0 0 0 0 0 0 0 0
vm-38-4:    1       2 ram2 0 0 0 0 0 0 0 0 0 0 0
vm-38-4:    1       3 ram3 0 0 0 0 0 0 0 0 0 0 0
vm-38-4:    1       4 ram4 0 0 0 0 0 0 0 0 0 0 0
vm-38-4:    1       5 ram5 0 0 0 0 0 0 0 0 0 0 0
vm-38-4:    1       6 ram6 0 0 0 0 0 0 0 0 0 0 0
vm-38-4:    1       7 ram7 0 0 0 0 0 0 0 0 0 0 0
vm-38-4:    1       8 ram8 0 0 0 0 0 0 0 0 0 0 0
vm-38-4:    1       9 ram9 0 0 0 0 0 0 0 0 0 0 0
vm-38-4:    1      10 ram10 0 0 0 0 0 0 0 0 0 0 0
vm-38-4:    1      11 ram11 0 0 0 0 0 0 0 0 0 0 0
vm-38-4:    1      12 ram12 0 0 0 0 0 0 0 0 0 0 0
vm-38-4:    1      13 ram13 0 0 0 0 0 0 0 0 0 0 0
vm-38-4:    1      14 ram14 0 0 0 0 0 0 0 0 0 0 0
vm-38-4:    1      15 ram15 0 0 0 0 0 0 0 0 0 0 0
vm-38-4:    7       0 loop0 0 0 0 0 0 0 0 0 0 0 0
vm-38-4:    7       1 loop1 0 0 0 0 0 0 0 0 0 0 0
vm-38-4:    7       2 loop2 0 0 0 0 0 0 0 0 0 0 0
vm-38-4:    7       3 loop3 0 0 0 0 0 0 0 0 0 0 0
vm-38-4:    7       4 loop4 0 0 0 0 0 0 0 0 0 0 0
vm-38-4:    7       5 loop5 0 0 0 0 0 0 0 0 0 0 0
vm-38-4:    7       6 loop6 0 0 0 0 0 0 0 0 0 0 0
vm-38-4:    7       7 loop7 0 0 0 0 0 0 0 0 0 0 0
vm-38-4:  253       0 vda 97161 3 19372610 274324 1475035 645317 93437008 24041040 0 5423100 24314976
vm-38-4:  253       1 vda1 96981 3 19371170 274296 1458038 645317 93437000 23965200 0 5378512 24239112
