vm-38-5:    1       0 ram0 0 0 0 0 0 0 0 0 0 0 0
vm-38-5:    1       1 ram1 0 0 0 0 0 0 0 0 0 0 0
vm-38-5:    1       2 ram2 0 0 0 0 0 0 0 0 0 0 0
vm-38-5:    1       3 ram3 0 0 0 0 0 0 0 0 0 0 0
vm-38-5:    1       4 ram4 0 0 0 0 0 0 0 0 0 0 0
vm-38-5:    1       5 ram5 0 0 0 0 0 0 0 0 0 0 0
vm-38-5:    1       6 ram6 0 0 0 0 0 0 0 0 0 0 0
vm-38-5:    1       7 ram7 0 0 0 0 0 0 0 0 0 0 0
vm-38-5:    1       8 ram8 0 0 0 0 0 0 0 0 0 0 0
vm-38-5:    1       9 ram9 0 0 0 0 0 0 0 0 0 0 0
vm-38-5:    1      10 ram10 0 0 0 0 0 0 0 0 0 0 0
vm-38-5:    1      11 ram11 0 0 0 0 0 0 0 0 0 0 0
vm-38-5:    1      12 ram12 0 0 0 0 0 0 0 0 0 0 0
vm-38-5:    1      13 ram13 0 0 0 0 0 0 0 0 0 0 0
vm-38-5:    1      14 ram14 0 0 0 0 0 0 0 0 0 0 0
vm-38-5:    1      15 ram15 0 0 0 0 0 0 0 0 0 0 0
vm-38-5:    7       0 loop0 0 0 0 0 0 0 0 0 0 0 0
vm-38-5:    7       1 loop1 0 0 0 0 0 0 0 0 0 0 0
vm-38-5:    7       2 loop2 0 0 0 0 0 0 0 0 0 0 0
vm-38-5:    7       3 loop3 0 0 0 0 0 0 0 0 0 0 0
vm-38-5:    7       4 loop4 0 0 0 0 0 0 0 0 0 0 0
vm-38-5:    7       5 loop5 0 0 0 0 0 0 0 0 0 0 0
vm-38-5:    7       6 loop6 0 0 0 0 0 0 0 0 0 0 0
vm-38-5:    7       7 loop7 0 0 0 0 0 0 0 0 0 0 0
vm-38-5:  253       0 vda 126290 3 18127346 286600 1624829 667124 93062016 23401824 0 6070744 23688156
vm-38-5:  253       1 vda1 126110 3 18125906 286584 1607787 667124 93062008 23327076 0 6023688 23614936
vm-38-2:    1       0 ram0 0 0 0 0 0 0 0 0 0 0 0
vm-38-2:    1       1 ram1 0 0 0 0 0 0 0 0 0 0 0
vm-38-2:    1       2 ram2 0 0 0 0 0 0 0 0 0 0 0
vm-38-2:    1       3 ram3 0 0 0 0 0 0 0 0 0 0 0
vm-38-2:    1       4 ram4 0 0 0 0 0 0 0 0 0 0 0
vm-38-2:    1       5 ram5 0 0 0 0 0 0 0 0 0 0 0
vm-38-2:    1       6 ram6 0 0 0 0 0 0 0 0 0 0 0
vm-38-2:    1       7 ram7 0 0 0 0 0 0 0 0 0 0 0
vm-38-2:    1       8 ram8 0 0 0 0 0 0 0 0 0 0 0
vm-38-2:    1       9 ram9 0 0 0 0 0 0 0 0 0 0 0
vm-38-2:    1      10 ram10 0 0 0 0 0 0 0 0 0 0 0
vm-38-2:    1      11 ram11 0 0 0 0 0 0 0 0 0 0 0
vm-38-2:    1      12 ram12 0 0 0 0 0 0 0 0 0 0 0
vm-38-2:    1      13 ram13 0 0 0 0 0 0 0 0 0 0 0
vm-38-2:    1      14 ram14 0 0 0 0 0 0 0 0 0 0 0
vm-38-2:    1      15 ram15 0 0 0 0 0 0 0 0 0 0 0
vm-38-2:    7       0 loop0 0 0 0 0 0 0 0 0 0 0 0
vm-38-2:    7       1 loop1 0 0 0 0 0 0 0 0 0 0 0
vm-38-2:    7       2 loop2 0 0 0 0 0 0 0 0 0 0 0
vm-38-2:    7       3 loop3 0 0 0 0 0 0 0 0 0 0 0
vm-38-2:    7       4 loop4 0 0 0 0 0 0 0 0 0 0 0
vm-38-2:    7       5 loop5 0 0 0 0 0 0 0 0 0 0 0
vm-38-2:    7       6 loop6 0 0 0 0 0 0 0 0 0 0 0
vm-38-2:    7       7 loop7 0 0 0 0 0 0 0 0 0 0 0
vm-38-2:  253       0 vda 275879 5 49976410 606868 1600462 627487 110149152 27660164 0 6648852 28266316
vm-38-2:  253       1 vda1 275699 5 49974970 606820 1579084 627487 110149144 27575648 0 6597264 28181784
vm-38-4:    1       0 ram0 0 0 0 0 0 0 0 0 0 0 0
vm-38-4:    1       1 ram1 0 0 0 0 0 0 0 0 0 0 0
vm-38-4:    1       2 ram2 0 0 0 0 0 0 0 0 0 0 0
vm-38-4:    1       3 ram3 0 0 0 0 0 0 0 0 0 0 0
vm-38-4:    1       4 ram4 0 0 0 0 0 0 0 0 0 0 0
vm-38-4:    1       5 ram5 0 0 0 0 0 0 0 0 0 0 0
vm-38-4:    1       6 ram6 0 0 0 0 0 0 0 0 0 0 0
vm-38-4:    1       7 ram7 0 0 0 0 0 0 0 0 0 0 0
vm-38-4:    1       8 ram8 0 0 0 0 0 0 0 0 0 0 0
vm-38-4:    1       9 ram9 0 0 0 0 0 0 0 0 0 0 0
vm-38-4:    1      10 ram10 0 0 0 0 0 0 0 0 0 0 0
vm-38-4:    1      11 ram11 0 0 0 0 0 0 0 0 0 0 0
vm-38-4:    1      12 ram12 0 0 0 0 0 0 0 0 0 0 0
vm-38-4:    1      13 ram13 0 0 0 0 0 0 0 0 0 0 0
vm-38-4:    1      14 ram14 0 0 0 0 0 0 0 0 0 0 0
vm-38-4:    1      15 ram15 0 0 0 0 0 0 0 0 0 0 0
vm-38-4:    7       0 loop0 0 0 0 0 0 0 0 0 0 0 0
vm-38-4:    7       1 loop1 0 0 0 0 0 0 0 0 0 0 0
vm-38-4:    7       2 loop2 0 0 0 0 0 0 0 0 0 0 0
vm-38-4:    7       3 loop3 0 0 0 0 0 0 0 0 0 0 0
vm-38-4:    7       4 loop4 0 0 0 0 0 0 0 0 0 0 0
vm-38-4:    7       5 loop5 0 0 0 0 0 0 0 0 0 0 0
vm-38-4:    7       6 loop6 0 0 0 0 0 0 0 0 0 0 0
vm-38-4:    7       7 loop7 0 0 0 0 0 0 0 0 0 0 0
vm-38-4:  253       0 vda 101586 3 19643378 287948 1539027 662187 94728736 24479248 0 5620736 24766796
vm-38-4:  253       1 vda1 101406 3 19641938 287920 1522020 662187 94728728 24403060 0 5575800 24690584
vm-38-3:    1       0 ram0 0 0 0 0 0 0 0 0 0 0 0
vm-38-3:    1       1 ram1 0 0 0 0 0 0 0 0 0 0 0
vm-38-3:    1       2 ram2 0 0 0 0 0 0 0 0 0 0 0
vm-38-3:    1       3 ram3 0 0 0 0 0 0 0 0 0 0 0
vm-38-3:    1       4 ram4 0 0 0 0 0 0 0 0 0 0 0
vm-38-3:    1       5 ram5 0 0 0 0 0 0 0 0 0 0 0
vm-38-3:    1       6 ram6 0 0 0 0 0 0 0 0 0 0 0
vm-38-3:    1       7 ram7 0 0 0 0 0 0 0 0 0 0 0
vm-38-3:    1       8 ram8 0 0 0 0 0 0 0 0 0 0 0
vm-38-3:    1       9 ram9 0 0 0 0 0 0 0 0 0 0 0
vm-38-3:    1      10 ram10 0 0 0 0 0 0 0 0 0 0 0
vm-38-3:    1      11 ram11 0 0 0 0 0 0 0 0 0 0 0
vm-38-3:    1      12 ram12 0 0 0 0 0 0 0 0 0 0 0
vm-38-3:    1      13 ram13 0 0 0 0 0 0 0 0 0 0 0
vm-38-3:    1      14 ram14 0 0 0 0 0 0 0 0 0 0 0
vm-38-3:    1      15 ram15 0 0 0 0 0 0 0 0 0 0 0
vm-38-3:    7       0 loop0 0 0 0 0 0 0 0 0 0 0 0
vm-38-3:    7       1 loop1 0 0 0 0 0 0 0 0 0 0 0
vm-38-3:    7       2 loop2 0 0 0 0 0 0 0 0 0 0 0
vm-38-3:    7       3 loop3 0 0 0 0 0 0 0 0 0 0 0
vm-38-3:    7       4 loop4 0 0 0 0 0 0 0 0 0 0 0
vm-38-3:    7       5 loop5 0 0 0 0 0 0 0 0 0 0 0
vm-38-3:    7       6 loop6 0 0 0 0 0 0 0 0 0 0 0
vm-38-3:    7       7 loop7 0 0 0 0 0 0 0 0 0 0 0
vm-38-3:  253       0 vda 110699 3 21197170 293460 1557788 662079 96115256 23853908 0 5737564 24147032
vm-38-3:  253       1 vda1 110519 3 21195730 293428 1540795 662079 96115248 23782256 0 5687144 24075360
vm-38-1:    1       0 ram0 0 0 0 0 0 0 0 0 0 0 0
vm-38-1:    1       1 ram1 0 0 0 0 0 0 0 0 0 0 0
vm-38-1:    1       2 ram2 0 0 0 0 0 0 0 0 0 0 0
vm-38-1:    1       3 ram3 0 0 0 0 0 0 0 0 0 0 0
vm-38-1:    1       4 ram4 0 0 0 0 0 0 0 0 0 0 0
vm-38-1:    1       5 ram5 0 0 0 0 0 0 0 0 0 0 0
vm-38-1:    1       6 ram6 0 0 0 0 0 0 0 0 0 0 0
vm-38-1:    1       7 ram7 0 0 0 0 0 0 0 0 0 0 0
vm-38-1:    1       8 ram8 0 0 0 0 0 0 0 0 0 0 0
vm-38-1:    1       9 ram9 0 0 0 0 0 0 0 0 0 0 0
vm-38-1:    1      10 ram10 0 0 0 0 0 0 0 0 0 0 0
vm-38-1:    1      11 ram11 0 0 0 0 0 0 0 0 0 0 0
vm-38-1:    1      12 ram12 0 0 0 0 0 0 0 0 0 0 0
vm-38-1:    1      13 ram13 0 0 0 0 0 0 0 0 0 0 0
vm-38-1:    1      14 ram14 0 0 0 0 0 0 0 0 0 0 0
vm-38-1:    1      15 ram15 0 0 0 0 0 0 0 0 0 0 0
vm-38-1:    7       0 loop0 0 0 0 0 0 0 0 0 0 0 0
vm-38-1:    7       1 loop1 0 0 0 0 0 0 0 0 0 0 0
vm-38-1:    7       2 loop2 0 0 0 0 0 0 0 0 0 0 0
vm-38-1:    7       3 loop3 0 0 0 0 0 0 0 0 0 0 0
vm-38-1:    7       4 loop4 0 0 0 0 0 0 0 0 0 0 0
vm-38-1:    7       5 loop5 0 0 0 0 0 0 0 0 0 0 0
vm-38-1:    7       6 loop6 0 0 0 0 0 0 0 0 0 0 0
vm-38-1:    7       7 loop7 0 0 0 0 0 0 0 0 0 0 0
vm-38-1:  253       0 vda 4351251 436 487297554 33149136 6545296 4868072 1010265000 230538108 0 22632812 263682244
vm-38-1:  253       1 vda1 4351071 436 487296114 33149116 6380549 4868072 1010264992 229782884 0 21923484 262926256
